[2023-12-06 00:59:08,317][flwr][INFO] - Starting Flower simulation, config: ServerConfig(num_rounds=50, round_timeout=None)
[2023-12-06 00:59:13,234][flwr][INFO] - Flower VCE: Ray initialized with resources: {'GPU': 1.0, 'memory': 128964894925.0, 'accelerator_type:P100': 1.0, 'object_store_memory': 59556383539.0, 'node:128.105.144.67': 1.0, 'CPU': 40.0}
[2023-12-06 00:59:13,235][flwr][INFO] - Optimize your simulation with Flower VCE: https://flower.dev/docs/framework/how-to-run-simulations.html
[2023-12-06 00:59:13,236][flwr][INFO] - Flower VCE: Resources for each Virtual Client: {'num_cpus': 4, 'num_gpus': 0.2}
[2023-12-06 00:59:13,274][flwr][INFO] - Flower VCE: Creating VirtualClientEngineActorPool with 5 actors
[2023-12-06 00:59:13,274][flwr][INFO] - Initializing global parameters
[2023-12-06 00:59:13,274][flwr][INFO] - Requesting initial parameters from one random client
[2023-12-06 00:59:21,494][flwr][INFO] - Received initial parameters from one random client
[2023-12-06 00:59:21,495][flwr][INFO] - Evaluating initial parameters
[2023-12-06 00:59:36,390][flwr][INFO] - initial parameters (loss, other metrics): 263238980.1984, {'accuracy': 0.1}
[2023-12-06 00:59:36,391][flwr][INFO] - FL starting
[2023-12-06 00:59:36,391][flwr][DEBUG] - fit_round 1: strategy sampled 10 clients (out of 10)
[2023-12-06 01:05:04,415][flwr][DEBUG] - fit_round 1 received 10 results and 0 failures
[2023-12-06 01:05:05,003][flwr][WARNING] - No fit_metrics_aggregation_fn provided
[2023-12-06 01:05:13,230][flwr][INFO] - fit progress: (1, 5213486379.8272, {'accuracy': 0.1}, 336.83924914803356)
[2023-12-06 01:05:13,231][flwr][INFO] - evaluate_round 1: no clients selected, cancel
[2023-12-06 01:05:13,231][flwr][DEBUG] - fit_round 2: strategy sampled 10 clients (out of 10)
[2023-12-06 01:10:39,174][flwr][DEBUG] - fit_round 2 received 10 results and 0 failures
[2023-12-06 01:10:47,985][flwr][INFO] - fit progress: (2, 9825519481.6512, {'accuracy': 0.1}, 671.5934715850744)
[2023-12-06 01:10:47,985][flwr][INFO] - evaluate_round 2: no clients selected, cancel
[2023-12-06 01:10:47,986][flwr][DEBUG] - fit_round 3: strategy sampled 10 clients (out of 10)
