[2023-12-05 00:57:26,879][flwr][INFO] - Starting Flower simulation, config: ServerConfig(num_rounds=10, round_timeout=None)
[2023-12-05 00:57:31,535][flwr][INFO] - Flower VCE: Ray initialized with resources: {'accelerator_type:P100': 1.0, 'GPU': 1.0, 'object_store_memory': 59494294732.0, 'memory': 128820021044.0, 'CPU': 40.0, 'node:128.105.144.67': 1.0}
[2023-12-05 00:57:31,536][flwr][INFO] - Optimize your simulation with Flower VCE: https://flower.dev/docs/framework/how-to-run-simulations.html
[2023-12-05 00:57:31,536][flwr][INFO] - Flower VCE: Resources for each Virtual Client: {'num_cpus': 4, 'num_gpus': 0.2}
[2023-12-05 00:57:31,574][flwr][INFO] - Flower VCE: Creating VirtualClientEngineActorPool with 5 actors
[2023-12-05 00:57:31,575][flwr][INFO] - Initializing global parameters
[2023-12-05 00:57:31,575][flwr][INFO] - Requesting initial parameters from one random client
[2023-12-05 00:57:39,672][flwr][INFO] - Received initial parameters from one random client
[2023-12-05 00:57:39,672][flwr][INFO] - Evaluating initial parameters
[2023-12-05 00:58:13,972][flwr][INFO] - initial parameters (loss, other metrics): 3675303778.304, {'accuracy': 0.1}
[2023-12-05 00:58:13,972][flwr][INFO] - FL starting
[2023-12-05 00:58:13,973][flwr][DEBUG] - fit_round 1: strategy sampled 10 clients (out of 10)
[2023-12-05 01:08:39,999][flwr][DEBUG] - fit_round 1 received 10 results and 0 failures
[2023-12-05 01:08:40,589][flwr][WARNING] - No fit_metrics_aggregation_fn provided
[2023-12-05 01:09:08,626][flwr][INFO] - fit progress: (1, 31438879703.04, {'accuracy': 0.1}, 654.6533594449866)
[2023-12-05 01:09:08,626][flwr][INFO] - evaluate_round 1: no clients selected, cancel
[2023-12-05 01:09:08,627][flwr][DEBUG] - fit_round 2: strategy sampled 10 clients (out of 10)
[2023-12-05 01:19:11,770][flwr][DEBUG] - fit_round 2 received 10 results and 0 failures
[2023-12-05 01:19:40,477][flwr][INFO] - fit progress: (2, 40976760045.568, {'accuracy': 0.1}, 1286.5042208489613)
[2023-12-05 01:19:40,477][flwr][INFO] - evaluate_round 2: no clients selected, cancel
[2023-12-05 01:19:40,478][flwr][DEBUG] - fit_round 3: strategy sampled 10 clients (out of 10)
[2023-12-05 01:29:56,884][flwr][DEBUG] - fit_round 3 received 10 results and 0 failures
[2023-12-05 01:30:25,628][flwr][INFO] - fit progress: (3, 74764646468.8128, {'accuracy': 0.1}, 1931.655496339954)
[2023-12-05 01:30:25,629][flwr][INFO] - evaluate_round 3: no clients selected, cancel
[2023-12-05 01:30:25,629][flwr][DEBUG] - fit_round 4: strategy sampled 10 clients (out of 10)
[2023-12-05 01:40:51,196][flwr][DEBUG] - fit_round 4 received 10 results and 0 failures
[2023-12-05 01:41:21,227][flwr][INFO] - fit progress: (4, 112243579296.1536, {'accuracy': 0.1}, 2587.2542954349774)
[2023-12-05 01:41:21,228][flwr][INFO] - evaluate_round 4: no clients selected, cancel
[2023-12-05 01:41:21,228][flwr][DEBUG] - fit_round 5: strategy sampled 10 clients (out of 10)
[2023-12-05 01:51:41,433][flwr][DEBUG] - fit_round 5 received 10 results and 0 failures
[2023-12-05 01:52:10,516][flwr][INFO] - fit progress: (5, 138397773522.5344, {'accuracy': 0.1}, 3236.543933621957)
[2023-12-05 01:52:10,517][flwr][INFO] - evaluate_round 5: no clients selected, cancel
[2023-12-05 01:52:10,517][flwr][DEBUG] - fit_round 6: strategy sampled 10 clients (out of 10)
[2023-12-05 02:02:24,914][flwr][DEBUG] - fit_round 6 received 10 results and 0 failures
[2023-12-05 02:02:54,457][flwr][INFO] - fit progress: (6, 176522759136.8704, {'accuracy': 0.1}, 3880.4845500049996)
[2023-12-05 02:02:54,458][flwr][INFO] - evaluate_round 6: no clients selected, cancel
[2023-12-05 02:02:54,458][flwr][DEBUG] - fit_round 7: strategy sampled 10 clients (out of 10)
[2023-12-05 02:13:07,378][flwr][DEBUG] - fit_round 7 received 10 results and 0 failures
[2023-12-05 02:13:36,421][flwr][INFO] - fit progress: (7, 269620363224.6784, {'accuracy': 0.1}, 4522.448032093991)
[2023-12-05 02:13:36,421][flwr][INFO] - evaluate_round 7: no clients selected, cancel
[2023-12-05 02:13:36,422][flwr][DEBUG] - fit_round 8: strategy sampled 10 clients (out of 10)
[2023-12-05 02:23:53,734][flwr][DEBUG] - fit_round 8 received 10 results and 0 failures
[2023-12-05 02:24:22,815][flwr][INFO] - fit progress: (8, 372967923764.4288, {'accuracy': 0.1}, 5168.842067912978)
[2023-12-05 02:24:22,816][flwr][INFO] - evaluate_round 8: no clients selected, cancel
[2023-12-05 02:24:22,817][flwr][DEBUG] - fit_round 9: strategy sampled 10 clients (out of 10)
[2023-12-05 02:34:38,786][flwr][DEBUG] - fit_round 9 received 10 results and 0 failures
[2023-12-05 02:35:07,865][flwr][INFO] - fit progress: (9, 478482663368.2944, {'accuracy': 0.1}, 5813.892339596001)
[2023-12-05 02:35:07,866][flwr][INFO] - evaluate_round 9: no clients selected, cancel
[2023-12-05 02:35:07,866][flwr][DEBUG] - fit_round 10: strategy sampled 10 clients (out of 10)
[2023-12-05 02:45:24,017][flwr][DEBUG] - fit_round 10 received 10 results and 0 failures
[2023-12-05 02:45:52,844][flwr][INFO] - fit progress: (10, 541651846928.7936, {'accuracy': 0.1}, 6458.871048892965)
[2023-12-05 02:45:52,844][flwr][INFO] - evaluate_round 10: no clients selected, cancel
[2023-12-05 02:45:52,844][flwr][INFO] - FL finished in 6458.871927157976
[2023-12-05 02:45:52,848][flwr][INFO] - app_fit: losses_distributed []
[2023-12-05 02:45:52,848][flwr][INFO] - app_fit: metrics_distributed_fit {}
[2023-12-05 02:45:52,848][flwr][INFO] - app_fit: metrics_distributed {}
[2023-12-05 02:45:52,848][flwr][INFO] - app_fit: losses_centralized [(0, 3675303778.304), (1, 31438879703.04), (2, 40976760045.568), (3, 74764646468.8128), (4, 112243579296.1536), (5, 138397773522.5344), (6, 176522759136.8704), (7, 269620363224.6784), (8, 372967923764.4288), (9, 478482663368.2944), (10, 541651846928.7936)]
[2023-12-05 02:45:52,849][flwr][INFO] - app_fit: metrics_centralized {'accuracy': [(0, 0.1), (1, 0.1), (2, 0.1), (3, 0.1), (4, 0.1), (5, 0.1), (6, 0.1), (7, 0.1), (8, 0.1), (9, 0.1), (10, 0.1)]}
