[2023-12-06 04:23:34,384][flwr][INFO] - Starting Flower simulation, config: ServerConfig(num_rounds=50, round_timeout=None)
[2023-12-06 04:23:39,223][flwr][INFO] - Flower VCE: Ray initialized with resources: {'node:128.105.144.67': 1.0, 'GPU': 1.0, 'CPU': 40.0, 'accelerator_type:P100': 1.0, 'object_store_memory': 59514319257.0, 'memory': 128866744935.0}
[2023-12-06 04:23:39,224][flwr][INFO] - Optimize your simulation with Flower VCE: https://flower.dev/docs/framework/how-to-run-simulations.html
[2023-12-06 04:23:39,224][flwr][INFO] - Flower VCE: Resources for each Virtual Client: {'num_cpus': 4, 'num_gpus': 0.2}
[2023-12-06 04:23:39,259][flwr][INFO] - Flower VCE: Creating VirtualClientEngineActorPool with 5 actors
[2023-12-06 04:23:39,260][flwr][INFO] - Initializing global parameters
[2023-12-06 04:23:39,260][flwr][INFO] - Requesting initial parameters from one random client
[2023-12-06 04:23:47,395][flwr][INFO] - Received initial parameters from one random client
[2023-12-06 04:23:47,397][flwr][INFO] - Evaluating initial parameters
[2023-12-06 04:23:57,630][flwr][INFO] - initial parameters (loss, other metrics): 0.036107402610778806, {'accuracy': 0.1211}
[2023-12-06 04:23:57,631][flwr][INFO] - FL starting
[2023-12-06 04:23:57,631][flwr][DEBUG] - fit_round 1: strategy sampled 10 clients (out of 10)
[2023-12-06 04:24:45,011][flwr][DEBUG] - fit_round 1 received 10 results and 0 failures
[2023-12-06 04:24:45,236][flwr][WARNING] - No fit_metrics_aggregation_fn provided
[2023-12-06 04:24:49,421][flwr][INFO] - fit progress: (1, 0.021211269497871398, {'accuracy': 0.5275}, 51.789687428972684)
[2023-12-06 04:24:49,421][flwr][INFO] - evaluate_round 1: no clients selected, cancel
[2023-12-06 04:24:49,421][flwr][DEBUG] - fit_round 2: strategy sampled 10 clients (out of 10)
[2023-12-06 04:25:37,476][flwr][DEBUG] - fit_round 2 received 10 results and 0 failures
[2023-12-06 04:25:41,902][flwr][INFO] - fit progress: (2, 0.0179078644156456, {'accuracy': 0.6085}, 104.27065677102655)
[2023-12-06 04:25:41,902][flwr][INFO] - evaluate_round 2: no clients selected, cancel
[2023-12-06 04:25:41,902][flwr][DEBUG] - fit_round 3: strategy sampled 10 clients (out of 10)
[2023-12-06 04:26:29,494][flwr][DEBUG] - fit_round 3 received 10 results and 0 failures
[2023-12-06 04:26:33,871][flwr][INFO] - fit progress: (3, 0.01948485249876976, {'accuracy': 0.6509}, 156.239457409014)
[2023-12-06 04:26:33,871][flwr][INFO] - evaluate_round 3: no clients selected, cancel
[2023-12-06 04:26:33,871][flwr][DEBUG] - fit_round 4: strategy sampled 10 clients (out of 10)
[2023-12-06 04:27:21,679][flwr][DEBUG] - fit_round 4 received 10 results and 0 failures
[2023-12-06 04:27:26,064][flwr][INFO] - fit progress: (4, 0.020335045409202574, {'accuracy': 0.6706}, 208.43270249501802)
[2023-12-06 04:27:26,065][flwr][INFO] - evaluate_round 4: no clients selected, cancel
[2023-12-06 04:27:26,065][flwr][DEBUG] - fit_round 5: strategy sampled 10 clients (out of 10)
[2023-12-06 04:28:13,151][flwr][DEBUG] - fit_round 5 received 10 results and 0 failures
[2023-12-06 04:28:17,572][flwr][INFO] - fit progress: (5, 0.020756924641132355, {'accuracy': 0.6796}, 259.94104950502515)
[2023-12-06 04:28:17,573][flwr][INFO] - evaluate_round 5: no clients selected, cancel
[2023-12-06 04:28:17,573][flwr][DEBUG] - fit_round 6: strategy sampled 10 clients (out of 10)
