[2023-12-05 14:13:53,253][flwr][INFO] - Starting Flower simulation, config: ServerConfig(num_rounds=10, round_timeout=None)
[2023-12-05 14:13:57,969][flwr][INFO] - Flower VCE: Ray initialized with resources: {'CPU': 40.0, 'GPU': 1.0, 'memory': 128962305844.0, 'object_store_memory': 59555273932.0, 'node:128.105.144.67': 1.0, 'accelerator_type:P100': 1.0}
[2023-12-05 14:13:57,970][flwr][INFO] - Optimize your simulation with Flower VCE: https://flower.dev/docs/framework/how-to-run-simulations.html
[2023-12-05 14:13:57,970][flwr][INFO] - Flower VCE: Resources for each Virtual Client: {'num_cpus': 4, 'num_gpus': 0.2}
[2023-12-05 14:13:58,008][flwr][INFO] - Flower VCE: Creating VirtualClientEngineActorPool with 5 actors
[2023-12-05 14:13:58,009][flwr][INFO] - Initializing global parameters
[2023-12-05 14:13:58,009][flwr][INFO] - Requesting initial parameters from one random client
[2023-12-05 14:14:06,342][flwr][INFO] - Received initial parameters from one random client
[2023-12-05 14:14:06,343][flwr][INFO] - Evaluating initial parameters
[2023-12-05 14:14:40,928][flwr][INFO] - initial parameters (loss, other metrics): 6762579173.5808, {'accuracy': 0.1}
[2023-12-05 14:14:40,929][flwr][INFO] - FL starting
[2023-12-05 14:14:40,929][flwr][DEBUG] - fit_round 1: strategy sampled 10 clients (out of 10)
[2023-12-05 14:24:02,585][flwr][DEBUG] - fit_round 1 received 10 results and 0 failures
[2023-12-05 14:24:03,172][flwr][WARNING] - No fit_metrics_aggregation_fn provided
[2023-12-05 14:24:31,710][flwr][INFO] - fit progress: (1, 27288433180.672, {'accuracy': 0.1}, 590.7811920329696)
[2023-12-05 14:24:31,711][flwr][INFO] - evaluate_round 1: no clients selected, cancel
[2023-12-05 14:24:31,711][flwr][DEBUG] - fit_round 2: strategy sampled 10 clients (out of 10)
[2023-12-05 14:33:46,827][flwr][DEBUG] - fit_round 2 received 10 results and 0 failures
[2023-12-05 14:34:15,895][flwr][INFO] - fit progress: (2, 323529690198.8352, {'accuracy': 0.1}, 1174.9661183530698)
[2023-12-05 14:34:15,896][flwr][INFO] - evaluate_round 2: no clients selected, cancel
[2023-12-05 14:34:15,896][flwr][DEBUG] - fit_round 3: strategy sampled 10 clients (out of 10)
[2023-12-05 14:43:29,467][flwr][DEBUG] - fit_round 3 received 10 results and 0 failures
[2023-12-05 14:43:58,483][flwr][INFO] - fit progress: (3, 852059515728.6912, {'accuracy': 0.1}, 1757.5541789870476)
[2023-12-05 14:43:58,484][flwr][INFO] - evaluate_round 3: no clients selected, cancel
[2023-12-05 14:43:58,484][flwr][DEBUG] - fit_round 4: strategy sampled 10 clients (out of 10)
[2023-12-05 14:53:07,234][flwr][DEBUG] - fit_round 4 received 10 results and 0 failures
[2023-12-05 14:53:36,057][flwr][INFO] - fit progress: (4, 2374867646100.2754, {'accuracy': 0.0993}, 2335.1281833150424)
[2023-12-05 14:53:36,058][flwr][INFO] - evaluate_round 4: no clients selected, cancel
[2023-12-05 14:53:36,058][flwr][DEBUG] - fit_round 5: strategy sampled 10 clients (out of 10)
[2023-12-05 15:02:52,548][flwr][DEBUG] - fit_round 5 received 10 results and 0 failures
[2023-12-05 15:03:21,662][flwr][INFO] - fit progress: (5, 13055725359700.377, {'accuracy': 0.1001}, 2920.7331335210474)
[2023-12-05 15:03:21,663][flwr][INFO] - evaluate_round 5: no clients selected, cancel
[2023-12-05 15:03:21,663][flwr][DEBUG] - fit_round 6: strategy sampled 10 clients (out of 10)
[2023-12-05 15:12:30,298][flwr][DEBUG] - fit_round 6 received 10 results and 0 failures
[2023-12-05 15:12:59,218][flwr][INFO] - fit progress: (6, 74635532976730.94, {'accuracy': 0.1}, 3498.288906326052)
[2023-12-05 15:12:59,219][flwr][INFO] - evaluate_round 6: no clients selected, cancel
[2023-12-05 15:12:59,219][flwr][DEBUG] - fit_round 7: strategy sampled 10 clients (out of 10)
[2023-12-05 15:22:13,184][flwr][DEBUG] - fit_round 7 received 10 results and 0 failures
[2023-12-05 15:22:42,125][flwr][INFO] - fit progress: (7, 267773502117904.38, {'accuracy': 0.1}, 4081.1955359099666)
[2023-12-05 15:22:42,126][flwr][INFO] - evaluate_round 7: no clients selected, cancel
[2023-12-05 15:22:42,126][flwr][DEBUG] - fit_round 8: strategy sampled 10 clients (out of 10)
[2023-12-05 15:31:58,198][flwr][DEBUG] - fit_round 8 received 10 results and 0 failures
[2023-12-05 15:32:26,975][flwr][INFO] - fit progress: (8, 810656680459737.5, {'accuracy': 0.1}, 4666.046286576078)
[2023-12-05 15:32:26,976][flwr][INFO] - evaluate_round 8: no clients selected, cancel
[2023-12-05 15:32:26,976][flwr][DEBUG] - fit_round 9: strategy sampled 10 clients (out of 10)
[2023-12-05 15:41:38,505][flwr][DEBUG] - fit_round 9 received 10 results and 0 failures
[2023-12-05 15:42:07,404][flwr][INFO] - fit progress: (9, 2133948409680232.5, {'accuracy': 0.1}, 5246.474985258072)
[2023-12-05 15:42:07,405][flwr][INFO] - evaluate_round 9: no clients selected, cancel
[2023-12-05 15:42:07,405][flwr][DEBUG] - fit_round 10: strategy sampled 10 clients (out of 10)
[2023-12-05 15:51:24,054][flwr][DEBUG] - fit_round 10 received 10 results and 0 failures
[2023-12-05 15:51:52,768][flwr][INFO] - fit progress: (10, 9144799751381922.0, {'accuracy': 0.1}, 5831.839320730069)
[2023-12-05 15:51:52,769][flwr][INFO] - evaluate_round 10: no clients selected, cancel
[2023-12-05 15:51:52,769][flwr][INFO] - FL finished in 5831.840069105965
[2023-12-05 15:51:52,770][flwr][INFO] - app_fit: losses_distributed []
[2023-12-05 15:51:52,771][flwr][INFO] - app_fit: metrics_distributed_fit {}
[2023-12-05 15:51:52,771][flwr][INFO] - app_fit: metrics_distributed {}
[2023-12-05 15:51:52,771][flwr][INFO] - app_fit: losses_centralized [(0, 6762579173.5808), (1, 27288433180.672), (2, 323529690198.8352), (3, 852059515728.6912), (4, 2374867646100.2754), (5, 13055725359700.377), (6, 74635532976730.94), (7, 267773502117904.38), (8, 810656680459737.5), (9, 2133948409680232.5), (10, 9144799751381922.0)]
[2023-12-05 15:51:52,771][flwr][INFO] - app_fit: metrics_centralized {'accuracy': [(0, 0.1), (1, 0.1), (2, 0.1), (3, 0.1), (4, 0.0993), (5, 0.1001), (6, 0.1), (7, 0.1), (8, 0.1), (9, 0.1), (10, 0.1)]}
