[2023-12-05 00:52:11,661][flwr][INFO] - Starting Flower simulation, config: ServerConfig(num_rounds=10, round_timeout=None)
[2023-12-05 00:52:15,575][flwr][INFO] - Flower VCE: Ray initialized with resources: {'CPU': 40.0, 'accelerator_type:P100': 1.0, 'object_store_memory': 59519687884.0, 'node:128.105.144.67': 1.0, 'memory': 128879271732.0, 'GPU': 1.0}
[2023-12-05 00:52:15,575][flwr][INFO] - Optimize your simulation with Flower VCE: https://flower.dev/docs/framework/how-to-run-simulations.html
[2023-12-05 00:52:15,576][flwr][INFO] - Flower VCE: Resources for each Virtual Client: {'num_cpus': 4, 'num_gpus': 0.2}
[2023-12-05 00:52:15,613][flwr][INFO] - Flower VCE: Creating VirtualClientEngineActorPool with 5 actors
[2023-12-05 00:52:15,614][flwr][INFO] - Initializing global parameters
[2023-12-05 00:52:15,614][flwr][INFO] - Requesting initial parameters from one random client
[2023-12-05 00:52:23,881][flwr][INFO] - Received initial parameters from one random client
[2023-12-05 00:52:23,882][flwr][INFO] - Evaluating initial parameters
[2023-12-05 00:52:24,111][flwr][ERROR] - name 'parameters' is not defined
[2023-12-05 00:52:24,112][flwr][ERROR] - Traceback (most recent call last):
  File "/users/wang2451/miniconda3/envs/flower/lib/python3.10/site-packages/flwr/simulation/app.py", line 308, in start_simulation
    hist = run_fl(
  File "/users/wang2451/miniconda3/envs/flower/lib/python3.10/site-packages/flwr/server/app.py", line 225, in run_fl
    hist = server.fit(num_rounds=config.num_rounds, timeout=config.round_timeout)
  File "/users/wang2451/miniconda3/envs/flower/lib/python3.10/site-packages/flwr/server/server.py", line 92, in fit
    res = self.strategy.evaluate(0, parameters=self.parameters)
  File "/users/wang2451/miniconda3/envs/flower/lib/python3.10/site-packages/flwr/server/strategy/fedavg.py", line 163, in evaluate
    eval_res = self.evaluate_fn(server_round, parameters_ndarrays, {})
  File "/users/wang2451/Fed_with_flower/utils.py", line 129, in evaluate
    params_dict = zip(keys, parameters)
NameError: name 'parameters' is not defined

[2023-12-05 00:52:24,112][flwr][ERROR] - Your simulation crashed :(. This could be because of several reasons.The most common are: 
	 > Your system couldn't fit a single VirtualClient: try lowering `client_resources`.
	 > All the actors in your pool crashed. This could be because: 
		 - You clients hit an out-of-memory (OOM) error and actors couldn't recover from it. Try launching your simulation with more generous `client_resources` setting (i.e. it seems {'num_cpus': 4, 'num_gpus': 0.2} is not enough for your workload). Use fewer concurrent actors. 
		 - You were running a multi-node simulation and all worker nodes disconnected. The head node might still be alive but cannot accommodate any actor with resources: {'num_cpus': 4, 'num_gpus': 0.2}.
