[2023-12-06 00:21:55,818][flwr][INFO] - Starting Flower simulation, config: ServerConfig(num_rounds=50, round_timeout=None)
[2023-12-06 00:22:00,578][flwr][INFO] - Flower VCE: Ray initialized with resources: {'object_store_memory': 59546887372.0, 'node:128.105.144.67': 1.0, 'memory': 128942737204.0, 'GPU': 1.0, 'accelerator_type:P100': 1.0, 'CPU': 40.0}
[2023-12-06 00:22:00,578][flwr][INFO] - Optimize your simulation with Flower VCE: https://flower.dev/docs/framework/how-to-run-simulations.html
[2023-12-06 00:22:00,579][flwr][INFO] - Flower VCE: Resources for each Virtual Client: {'num_cpus': 4, 'num_gpus': 0.2}
[2023-12-06 00:22:00,619][flwr][INFO] - Flower VCE: Creating VirtualClientEngineActorPool with 5 actors
[2023-12-06 00:22:00,619][flwr][INFO] - Initializing global parameters
[2023-12-06 00:22:00,619][flwr][INFO] - Requesting initial parameters from one random client
[2023-12-06 00:22:08,864][flwr][INFO] - Received initial parameters from one random client
[2023-12-06 00:22:08,865][flwr][INFO] - Evaluating initial parameters
[2023-12-06 00:22:23,912][flwr][INFO] - initial parameters (loss, other metrics): 360210935.1936, {'accuracy': 0.1}
[2023-12-06 00:22:23,912][flwr][INFO] - FL starting
[2023-12-06 00:22:23,913][flwr][DEBUG] - fit_round 1: strategy sampled 10 clients (out of 10)
[2023-12-06 00:27:51,865][flwr][DEBUG] - fit_round 1 received 10 results and 0 failures
[2023-12-06 00:27:52,442][flwr][WARNING] - No fit_metrics_aggregation_fn provided
[2023-12-06 00:28:00,633][flwr][INFO] - fit progress: (1, 743564488.2944, {'accuracy': 0.1}, 336.7211088120239)
[2023-12-06 00:28:00,634][flwr][INFO] - evaluate_round 1: no clients selected, cancel
[2023-12-06 00:28:00,634][flwr][DEBUG] - fit_round 2: strategy sampled 10 clients (out of 10)
[2023-12-06 00:33:25,675][flwr][DEBUG] - fit_round 2 received 10 results and 0 failures
[2023-12-06 00:33:34,431][flwr][INFO] - fit progress: (2, 2916185586.0736, {'accuracy': 0.1}, 670.5183035280788)
[2023-12-06 00:33:34,431][flwr][INFO] - evaluate_round 2: no clients selected, cancel
[2023-12-06 00:33:34,432][flwr][DEBUG] - fit_round 3: strategy sampled 10 clients (out of 10)
